<?xml version="1.0" encoding="UTF-8"?>
<!-- Generated by org.testng.reporters.JUnitXMLReporter -->
<testsuite ignored="0" hostname="PLTD-RDT-VLT113" failures="0" tests="2" name="Default test" time="16.553" errors="0" timestamp="2026-01-05T14:25:03 IST">
  <testcase classname="io.cucumber.testng.AbstractTestNGCucumberTests" name="runScenario" time="7.139"/>
  <testcase classname="io.cucumber.testng.AbstractTestNGCucumberTests" name="runScenario" time="9.172"/>
</testsuite> <!-- Default test -->
